<?xml version="1.0" encoding="UTF-8"?>
<testsuite name="test" tests="1" skipped="0" failures="0" errors="0" timestamp="2019-01-19T09:08:33" hostname="DESKTOP-I9SS8BR" time="0.0">
  <properties/>
  <testcase name="myFirstTest()" classname="test" time="0.0"/>
  <system-out><![CDATA[]]></system-out>
  <system-err><![CDATA[]]></system-err>
</testsuite>
