<?xml version="1.0" encoding="UTF-8"?>
<testsuite name="blockchain.block.TransactionTest" tests="3" skipped="0" failures="0" errors="0" timestamp="2019-01-19T09:08:32" hostname="DESKTOP-I9SS8BR" time="0.698">
  <properties/>
  <testcase name="signatureVerificationTestCorrect()" classname="blockchain.block.TransactionTest" time="0.653"/>
  <testcase name="signatureVerificationTestCorrectWrong()" classname="blockchain.block.TransactionTest" time="0.02"/>
  <testcase name="transactionRawAndParseTest()" classname="blockchain.block.TransactionTest" time="0.021"/>
  <system-out><![CDATA[]]></system-out>
  <system-err><![CDATA[]]></system-err>
</testsuite>
